<?xml version="1.0" encoding="UTF-8" ?>
<testsuite errors="0" failures="0" hostname="Haotians-MBP" name="expressivo.grader.ExpressionTest" skipped="0" tests="27" time="0.42" timestamp="2021-08-13T08:09:57">
  <properties>
[...]
</properties>
  <testcase classname="expressivo.grader.ExpressionTest" name="testHashCode[same one variable]" time="0.041" />
  <testcase classname="expressivo.grader.ExpressionTest" name="testEquals[same one variable]" time="0.01" />
  <testcase classname="expressivo.grader.ExpressionTest" name="testToStringConsistent[same one variable]" time="0.018" />
  <testcase classname="expressivo.grader.ExpressionTest" name="testHashCode[same one operator]" time="0.008" />
  <testcase classname="expressivo.grader.ExpressionTest" name="testEquals[same one operator]" time="0.023" />
  <testcase classname="expressivo.grader.ExpressionTest" name="testToStringConsistent[same one operator]" time="0.01" />
  <testcase classname="expressivo.grader.ExpressionTest" name="testHashCode[same expression with numbers/variables/operators]" time="0.015" />
  <testcase classname="expressivo.grader.ExpressionTest" name="testEquals[same expression with numbers/variables/operators]" time="0.021" />
  <testcase classname="expressivo.grader.ExpressionTest" name="testToStringConsistent[same expression with numbers/variables/operators]" time="0.018" />
  <testcase classname="expressivo.grader.ExpressionTest" name="testHashCode[var and same var parenthesized]" time="0.023" />
  <testcase classname="expressivo.grader.ExpressionTest" name="testEquals[var and same var parenthesized]" time="0.008" />
  <testcase classname="expressivo.grader.ExpressionTest" name="testToStringConsistent[var and same var parenthesized]" time="0.017" />
  <testcase classname="expressivo.grader.ExpressionTest" name="testHashCode[one operator and same operator parenthesized]" time="0.005" />
  <testcase classname="expressivo.grader.ExpressionTest" name="testEquals[one operator and same operator parenthesized]" time="0.007" />
  <testcase classname="expressivo.grader.ExpressionTest" name="testToStringConsistent[one operator and same operator parenthesized]" time="0.006" />
  <testcase classname="expressivo.grader.ExpressionTest" name="testHashCode[* + * same as (*)+(*)]" time="0.006" />
  <testcase classname="expressivo.grader.ExpressionTest" name="testEquals[* + * same as (*)+(*)]" time="0.011" />
  <testcase classname="expressivo.grader.ExpressionTest" name="testToStringConsistent[* + * same as (*)+(*)]" time="0.006" />
  <testcase classname="expressivo.grader.ExpressionTest" name="testHashCode[((*)+)* different from * + *]" time="0.004" />
  <testcase classname="expressivo.grader.ExpressionTest" name="testEquals[((*)+)* different from * + *]" time="0.005" />
  <testcase classname="expressivo.grader.ExpressionTest" name="testToStringConsistent[((*)+)* different from * + *]" time="0.012" />
  <testcase classname="expressivo.grader.ExpressionTest" name="testHashCode[+ not commutative under structual equality]" time="0.007" />
  <testcase classname="expressivo.grader.ExpressionTest" name="testEquals[+ not commutative under structual equality]" time="0.004" />
  <testcase classname="expressivo.grader.ExpressionTest" name="testToStringConsistent[+ not commutative under structual equality]" time="0.004" />
  <testcase classname="expressivo.grader.ExpressionTest" name="testHashCode[* not commutative under structual equality]" time="0.008" />
  <testcase classname="expressivo.grader.ExpressionTest" name="testEquals[* not commutative under structual equality]" time="0.006" />
  <testcase classname="expressivo.grader.ExpressionTest" name="testToStringConsistent[* not commutative under structual equality]" time="0.011" />
  <system-out><![CDATA[]]></system-out>
  <system-err><![CDATA[]]></system-err>
</testsuite>
